<?xml version="1.0" encoding="UTF-8"?>
<!-- Generated by org.testng.reporters.JUnitXMLReporter -->
<testsuite hostname="f45c899d4237" ignored="1" name="Default test" tests="1" failures="0" timestamp="24 Mar 2018 04:08:15 GMT" time="64.219" errors="0">
  <testcase name="footerPageValidation" time="64.128" classname="com.harsha.seleniumPractice.webDriver.testScripts.NavigationPageVerificationTestCases"/>
  <testcase name="myAccountPagevalidation" time="0.0" classname="com.harsha.seleniumPractice.webDriver.testScripts.NavigationPageVerificationTestCases">
    <ignored/>
  </testcase> <!-- myAccountPagevalidation -->
</testsuite> <!-- Default test -->
