<?xml version="1.0" encoding="UTF-8"?>
<!-- Generated by org.testng.reporters.JUnitXMLReporter -->
<testsuite hostname="f45c899d4237" ignored="0" name="Test" tests="5" failures="2" timestamp="14 Apr 2018 04:17:36 GMT" time="29.357" errors="0">
  <testcase name="MultipleAccountsValidation" time="5.903" classname="com.harsha.seleniumPractice.testScripts.SignInTestCases"/>
  <testcase name="MultipleAccountsValidation" time="6.01" classname="com.harsha.seleniumPractice.testScripts.SignInTestCases"/>
  <testcase name="MultipleAccountsValidation" time="5.942" classname="com.harsha.seleniumPractice.testScripts.SignInTestCases"/>
  <testcase name="seleniumWebDriverCommands" time="1.562" classname="com.harsha.seleniumPractice.testScripts.SignInTestCases">
    <failure type="java.lang.ExceptionInInitializerError">
      <![CDATA[java.lang.ExceptionInInitializerError
at com.harsha.seleniumPractice.testScripts.SignInTestCases.seleniumWebDriverCommands(SignInTestCases.java:57)
Caused by: java.lang.NullPointerException
at java.util.Properties$LineReader.readLine(Properties.java:434)
at java.util.Properties.load0(Properties.java:353)
at java.util.Properties.load(Properties.java:341)
at com.harsha.seleniumPractice.libraries.PropertiesReader.<init>(PropertiesReader.java:28)
at com.harsha.seleniumPractice.testData.TestDataReader.<clinit>(TestDataReader.java:7)
... 29 more
... Removed 28 stack frames]]>
    </failure>
  </testcase> <!-- seleniumWebDriverCommands -->
  <testcase name="signinToTheApplication" time="1.577" classname="com.harsha.seleniumPractice.testScripts.SignInTestCases">
    <failure type="java.lang.NoClassDefFoundError" message="Could not initialize class com.harsha.seleniumPractice.testData.TestDataReader">
      <![CDATA[java.lang.NoClassDefFoundError: Could not initialize class com.harsha.seleniumPractice.testData.TestDataReader
at com.harsha.seleniumPractice.testScripts.SignInTestCases.signinToTheApplication(SignInTestCases.java:72)
... Removed 28 stack frames]]>
    </failure>
  </testcase> <!-- signinToTheApplication -->
</testsuite> <!-- Test -->
