<?xml version="1.0" encoding="UTF-8"?>
<testng-results skipped="0" failed="2" ignored="0" total="5" passed="3">
  <reporter-output>
    <line>
      <![CDATA[PASS -- Application URL: http://automationpractice.com/index.php]]>
    </line>
    <line>
      <![CDATA[PASS -- Sign in link clicked successfully]]>
    </line>
    <line>
      <![CDATA[PASS -- Login module displayed successfully]]>
    </line>
    <line>
      <![CDATA[PASS -- Entered Username 'testautomation88@test.com' successfully]]>
    </line>
    <line>
      <![CDATA[PASS -- Entered Password '123456' successfully]]>
    </line>
    <line>
      <![CDATA[PASS -- Submit button clicked successfully]]>
    </line>
    <line>
      <![CDATA[PASS -- Clicked Signout button successfully]]>
    </line>
    <line>
      <![CDATA[PASS -- Sign in link clicked successfully]]>
    </line>
    <line>
      <![CDATA[PASS -- Login module displayed successfully]]>
    </line>
    <line>
      <![CDATA[PASS -- Entered Username 'seleniumbatch4@test.com' successfully]]>
    </line>
    <line>
      <![CDATA[PASS -- Entered Password '123456' successfully]]>
    </line>
    <line>
      <![CDATA[PASS -- Submit button clicked successfully]]>
    </line>
    <line>
      <![CDATA[PASS -- Clicked Signout button successfully]]>
    </line>
    <line>
      <![CDATA[PASS -- Sign in link clicked successfully]]>
    </line>
    <line>
      <![CDATA[PASS -- Login module displayed successfully]]>
    </line>
    <line>
      <![CDATA[PASS -- Entered Username 'seleniumbatch441@test.com' successfully]]>
    </line>
    <line>
      <![CDATA[PASS -- Entered Password '123456' successfully]]>
    </line>
    <line>
      <![CDATA[PASS -- Submit button clicked successfully]]>
    </line>
    <line>
      <![CDATA[PASS -- Clicked Signout button successfully]]>
    </line>
    <line>
      <![CDATA[PASS -- Sign in link clicked successfully]]>
    </line>
    <line>
      <![CDATA[PASS -- Authentication message is displayed successfully]]>
    </line>
    <line>
      <![CDATA[PASS -- Sign in link clicked successfully]]>
    </line>
    <line>
      <![CDATA[PASS -- Authentication message is displayed successfully]]>
    </line>
  </reporter-output>
  <suite name="Suite" duration-ms="29357" started-at="2018-04-14T04:17:06Z" finished-at="2018-04-14T04:17:36Z">
    <groups>
    </groups>
    <test name="Test" duration-ms="29357" started-at="2018-04-14T04:17:06Z" finished-at="2018-04-14T04:17:36Z">
      <class name="com.harsha.seleniumPractice.testScripts.SignInTestCases">
        <test-method status="PASS" signature="startBrowser()[pri:0, instance:com.harsha.seleniumPractice.testScripts.SignInTestCases@e25b2fe]" name="startBrowser" is-config="true" duration-ms="8172" started-at="2018-04-14T04:17:06Z" finished-at="2018-04-14T04:17:15Z">
          <reporter-output>
            <line>
              <![CDATA[PASS -- Application URL: http://automationpractice.com/index.php]]>
            </line>
          </reporter-output>
        </test-method> <!-- startBrowser -->
        <test-method status="PASS" signature="MultipleAccountsValidation(java.lang.String, java.lang.String)[pri:0, instance:com.harsha.seleniumPractice.testScripts.SignInTestCases@e25b2fe]" name="MultipleAccountsValidation" duration-ms="5903" started-at="2018-04-14T04:17:15Z" data-provider="credentialsValidation" finished-at="2018-04-14T04:17:21Z">
          <params>
            <param index="0">
              <value>
                <![CDATA[testautomation88@test.com]]>
              </value>
            </param>
            <param index="1">
              <value>
                <![CDATA[123456]]>
              </value>
            </param>
          </params>
          <reporter-output>
            <line>
              <![CDATA[PASS -- Sign in link clicked successfully]]>
            </line>
            <line>
              <![CDATA[PASS -- Login module displayed successfully]]>
            </line>
            <line>
              <![CDATA[PASS -- Entered Username 'testautomation88@test.com' successfully]]>
            </line>
            <line>
              <![CDATA[PASS -- Entered Password '123456' successfully]]>
            </line>
            <line>
              <![CDATA[PASS -- Submit button clicked successfully]]>
            </line>
            <line>
              <![CDATA[PASS -- Clicked Signout button successfully]]>
            </line>
          </reporter-output>
        </test-method> <!-- MultipleAccountsValidation -->
        <test-method status="PASS" signature="MultipleAccountsValidation(java.lang.String, java.lang.String)[pri:0, instance:com.harsha.seleniumPractice.testScripts.SignInTestCases@e25b2fe]" name="MultipleAccountsValidation" duration-ms="6010" started-at="2018-04-14T04:17:21Z" data-provider="credentialsValidation" finished-at="2018-04-14T04:17:27Z">
          <params>
            <param index="0">
              <value>
                <![CDATA[seleniumbatch4@test.com]]>
              </value>
            </param>
            <param index="1">
              <value>
                <![CDATA[123456]]>
              </value>
            </param>
          </params>
          <reporter-output>
            <line>
              <![CDATA[PASS -- Sign in link clicked successfully]]>
            </line>
            <line>
              <![CDATA[PASS -- Login module displayed successfully]]>
            </line>
            <line>
              <![CDATA[PASS -- Entered Username 'seleniumbatch4@test.com' successfully]]>
            </line>
            <line>
              <![CDATA[PASS -- Entered Password '123456' successfully]]>
            </line>
            <line>
              <![CDATA[PASS -- Submit button clicked successfully]]>
            </line>
            <line>
              <![CDATA[PASS -- Clicked Signout button successfully]]>
            </line>
          </reporter-output>
        </test-method> <!-- MultipleAccountsValidation -->
        <test-method status="PASS" signature="MultipleAccountsValidation(java.lang.String, java.lang.String)[pri:0, instance:com.harsha.seleniumPractice.testScripts.SignInTestCases@e25b2fe]" name="MultipleAccountsValidation" duration-ms="5942" started-at="2018-04-14T04:17:27Z" data-provider="credentialsValidation" finished-at="2018-04-14T04:17:33Z">
          <params>
            <param index="0">
              <value>
                <![CDATA[seleniumbatch441@test.com]]>
              </value>
            </param>
            <param index="1">
              <value>
                <![CDATA[123456]]>
              </value>
            </param>
          </params>
          <reporter-output>
            <line>
              <![CDATA[PASS -- Sign in link clicked successfully]]>
            </line>
            <line>
              <![CDATA[PASS -- Login module displayed successfully]]>
            </line>
            <line>
              <![CDATA[PASS -- Entered Username 'seleniumbatch441@test.com' successfully]]>
            </line>
            <line>
              <![CDATA[PASS -- Entered Password '123456' successfully]]>
            </line>
            <line>
              <![CDATA[PASS -- Submit button clicked successfully]]>
            </line>
            <line>
              <![CDATA[PASS -- Clicked Signout button successfully]]>
            </line>
          </reporter-output>
        </test-method> <!-- MultipleAccountsValidation -->
        <test-method status="FAIL" signature="seleniumWebDriverCommands()[pri:0, instance:com.harsha.seleniumPractice.testScripts.SignInTestCases@e25b2fe]" name="seleniumWebDriverCommands" duration-ms="1562" started-at="2018-04-14T04:17:33Z" finished-at="2018-04-14T04:17:34Z">
          <exception class="java.lang.ExceptionInInitializerError">
            <full-stacktrace>
              <![CDATA[java.lang.ExceptionInInitializerError
at com.harsha.seleniumPractice.testScripts.SignInTestCases.seleniumWebDriverCommands(SignInTestCases.java:57)
at sun.reflect.NativeMethodAccessorImpl.invoke0(Native Method)
at sun.reflect.NativeMethodAccessorImpl.invoke(NativeMethodAccessorImpl.java:62)
at sun.reflect.DelegatingMethodAccessorImpl.invoke(DelegatingMethodAccessorImpl.java:43)
at java.lang.reflect.Method.invoke(Method.java:498)
at org.testng.internal.MethodInvocationHelper.invokeMethod(MethodInvocationHelper.java:124)
at org.testng.internal.Invoker.invokeMethod(Invoker.java:580)
at org.testng.internal.Invoker.invokeTestMethod(Invoker.java:716)
at org.testng.internal.Invoker.invokeTestMethods(Invoker.java:988)
at org.testng.internal.TestMethodWorker.invokeTestMethods(TestMethodWorker.java:125)
at org.testng.internal.TestMethodWorker.run(TestMethodWorker.java:109)
at org.testng.TestRunner.privateRun(TestRunner.java:648)
at org.testng.TestRunner.run(TestRunner.java:505)
at org.testng.SuiteRunner.runTest(SuiteRunner.java:455)
at org.testng.SuiteRunner.runSequentially(SuiteRunner.java:450)
at org.testng.SuiteRunner.privateRun(SuiteRunner.java:415)
at org.testng.SuiteRunner.run(SuiteRunner.java:364)
at org.testng.SuiteRunnerWorker.runSuite(SuiteRunnerWorker.java:52)
at org.testng.SuiteRunnerWorker.run(SuiteRunnerWorker.java:84)
at org.testng.TestNG.runSuitesSequentially(TestNG.java:1208)
at org.testng.TestNG.runSuitesLocally(TestNG.java:1137)
at org.testng.TestNG.runSuites(TestNG.java:1049)
at org.testng.TestNG.run(TestNG.java:1017)
at org.apache.maven.surefire.testng.TestNGExecutor.run(TestNGExecutor.java:295)
at org.apache.maven.surefire.testng.TestNGXmlTestSuite.execute(TestNGXmlTestSuite.java:84)
at org.apache.maven.surefire.testng.TestNGProvider.invoke(TestNGProvider.java:90)
at org.apache.maven.surefire.booter.ForkedBooter.invokeProviderInSameClassLoader(ForkedBooter.java:203)
at org.apache.maven.surefire.booter.ForkedBooter.runSuitesInProcess(ForkedBooter.java:155)
at org.apache.maven.surefire.booter.ForkedBooter.main(ForkedBooter.java:103)
Caused by: java.lang.NullPointerException
at java.util.Properties$LineReader.readLine(Properties.java:434)
at java.util.Properties.load0(Properties.java:353)
at java.util.Properties.load(Properties.java:341)
at com.harsha.seleniumPractice.libraries.PropertiesReader.<init>(PropertiesReader.java:28)
at com.harsha.seleniumPractice.testData.TestDataReader.<clinit>(TestDataReader.java:7)
... 29 more
]]>
            </full-stacktrace>
          </exception> <!-- java.lang.ExceptionInInitializerError -->
          <reporter-output>
            <line>
              <![CDATA[PASS -- Sign in link clicked successfully]]>
            </line>
            <line>
              <![CDATA[PASS -- Authentication message is displayed successfully]]>
            </line>
          </reporter-output>
        </test-method> <!-- seleniumWebDriverCommands -->
        <test-method status="FAIL" signature="signinToTheApplication()[pri:0, instance:com.harsha.seleniumPractice.testScripts.SignInTestCases@e25b2fe]" name="signinToTheApplication" duration-ms="1577" started-at="2018-04-14T04:17:34Z" finished-at="2018-04-14T04:17:36Z">
          <exception class="java.lang.NoClassDefFoundError">
            <message>
              <![CDATA[Could not initialize class com.harsha.seleniumPractice.testData.TestDataReader]]>
            </message>
            <full-stacktrace>
              <![CDATA[java.lang.NoClassDefFoundError: Could not initialize class com.harsha.seleniumPractice.testData.TestDataReader
at com.harsha.seleniumPractice.testScripts.SignInTestCases.signinToTheApplication(SignInTestCases.java:72)
at sun.reflect.NativeMethodAccessorImpl.invoke0(Native Method)
at sun.reflect.NativeMethodAccessorImpl.invoke(NativeMethodAccessorImpl.java:62)
at sun.reflect.DelegatingMethodAccessorImpl.invoke(DelegatingMethodAccessorImpl.java:43)
at java.lang.reflect.Method.invoke(Method.java:498)
at org.testng.internal.MethodInvocationHelper.invokeMethod(MethodInvocationHelper.java:124)
at org.testng.internal.Invoker.invokeMethod(Invoker.java:580)
at org.testng.internal.Invoker.invokeTestMethod(Invoker.java:716)
at org.testng.internal.Invoker.invokeTestMethods(Invoker.java:988)
at org.testng.internal.TestMethodWorker.invokeTestMethods(TestMethodWorker.java:125)
at org.testng.internal.TestMethodWorker.run(TestMethodWorker.java:109)
at org.testng.TestRunner.privateRun(TestRunner.java:648)
at org.testng.TestRunner.run(TestRunner.java:505)
at org.testng.SuiteRunner.runTest(SuiteRunner.java:455)
at org.testng.SuiteRunner.runSequentially(SuiteRunner.java:450)
at org.testng.SuiteRunner.privateRun(SuiteRunner.java:415)
at org.testng.SuiteRunner.run(SuiteRunner.java:364)
at org.testng.SuiteRunnerWorker.runSuite(SuiteRunnerWorker.java:52)
at org.testng.SuiteRunnerWorker.run(SuiteRunnerWorker.java:84)
at org.testng.TestNG.runSuitesSequentially(TestNG.java:1208)
at org.testng.TestNG.runSuitesLocally(TestNG.java:1137)
at org.testng.TestNG.runSuites(TestNG.java:1049)
at org.testng.TestNG.run(TestNG.java:1017)
at org.apache.maven.surefire.testng.TestNGExecutor.run(TestNGExecutor.java:295)
at org.apache.maven.surefire.testng.TestNGXmlTestSuite.execute(TestNGXmlTestSuite.java:84)
at org.apache.maven.surefire.testng.TestNGProvider.invoke(TestNGProvider.java:90)
at org.apache.maven.surefire.booter.ForkedBooter.invokeProviderInSameClassLoader(ForkedBooter.java:203)
at org.apache.maven.surefire.booter.ForkedBooter.runSuitesInProcess(ForkedBooter.java:155)
at org.apache.maven.surefire.booter.ForkedBooter.main(ForkedBooter.java:103)
]]>
            </full-stacktrace>
          </exception> <!-- java.lang.NoClassDefFoundError -->
          <reporter-output>
            <line>
              <![CDATA[PASS -- Sign in link clicked successfully]]>
            </line>
            <line>
              <![CDATA[PASS -- Authentication message is displayed successfully]]>
            </line>
          </reporter-output>
        </test-method> <!-- signinToTheApplication -->
        <test-method status="PASS" signature="endBrowser()[pri:0, instance:com.harsha.seleniumPractice.testScripts.SignInTestCases@e25b2fe]" name="endBrowser" is-config="true" duration-ms="164" started-at="2018-04-14T04:17:36Z" finished-at="2018-04-14T04:17:36Z">
          <reporter-output>
          </reporter-output>
        </test-method> <!-- endBrowser -->
      </class> <!-- com.harsha.seleniumPractice.testScripts.SignInTestCases -->
    </test> <!-- Test -->
  </suite> <!-- Suite -->
</testng-results>
