<?xml version="1.0" encoding="UTF-8"?>
<testng-results skipped="0" failed="0" ignored="1" total="2" passed="1">
  <reporter-output>
    <line>
      <![CDATA[PASS -- Firefox browser launched successfully]]>
    </line>
    <line>
      <![CDATA[PASS -- Application launched successfully]]>
    </line>
    <line>
      <![CDATA[PASS -- Log in page displayed successfully]]>
    </line>
    <line>
      <![CDATA[PASS -- Window title : Prices drop - My Store is displayed successfully]]>
    </line>
    <line>
      <![CDATA[PASS -- Window title : New products - My Store is displayed successfully]]>
    </line>
    <line>
      <![CDATA[PASS -- Window title : Best sales - My Store is displayed successfully]]>
    </line>
    <line>
      <![CDATA[PASS -- Window title : Stores - My Store is displayed successfully]]>
    </line>
    <line>
      <![CDATA[PASS -- Window title : Contact us - My Store is displayed successfully]]>
    </line>
    <line>
      <![CDATA[PASS -- Window title : Terms and conditions of use - My Store is displayed successfully]]>
    </line>
    <line>
      <![CDATA[PASS -- Window title : About us - My Store is displayed successfully]]>
    </line>
    <line>
      <![CDATA[PASS -- Window title : Sitemap - My Store is displayed successfully]]>
    </line>
    <line>
      <![CDATA[PASS -- User is logged out successfully]]>
    </line>
  </reporter-output>
  <suite name="Default suite" duration-ms="64219" started-at="2018-03-24T04:07:10Z" finished-at="2018-03-24T04:08:14Z">
    <groups>
    </groups>
    <test name="Default test" duration-ms="64219" started-at="2018-03-24T04:07:10Z" finished-at="2018-03-24T04:08:14Z">
      <class name="com.harsha.seleniumPractice.webDriver.testScripts.NavigationPageVerificationTestCases">
        <test-method status="PASS" signature="footerPageValidation()[pri:0, instance:com.harsha.seleniumPractice.webDriver.testScripts.NavigationPageVerificationTestCases@28d25987]" name="footerPageValidation" duration-ms="64128" started-at="2018-03-24T04:07:10Z" finished-at="2018-03-24T04:08:14Z">
          <reporter-output>
            <line>
              <![CDATA[PASS -- Firefox browser launched successfully]]>
            </line>
            <line>
              <![CDATA[PASS -- Application launched successfully]]>
            </line>
            <line>
              <![CDATA[PASS -- Log in page displayed successfully]]>
            </line>
            <line>
              <![CDATA[PASS -- Window title : Prices drop - My Store is displayed successfully]]>
            </line>
            <line>
              <![CDATA[PASS -- Window title : New products - My Store is displayed successfully]]>
            </line>
            <line>
              <![CDATA[PASS -- Window title : Best sales - My Store is displayed successfully]]>
            </line>
            <line>
              <![CDATA[PASS -- Window title : Stores - My Store is displayed successfully]]>
            </line>
            <line>
              <![CDATA[PASS -- Window title : Contact us - My Store is displayed successfully]]>
            </line>
            <line>
              <![CDATA[PASS -- Window title : Terms and conditions of use - My Store is displayed successfully]]>
            </line>
            <line>
              <![CDATA[PASS -- Window title : About us - My Store is displayed successfully]]>
            </line>
            <line>
              <![CDATA[PASS -- Window title : Sitemap - My Store is displayed successfully]]>
            </line>
            <line>
              <![CDATA[PASS -- User is logged out successfully]]>
            </line>
          </reporter-output>
        </test-method> <!-- footerPageValidation -->
      </class> <!-- com.harsha.seleniumPractice.webDriver.testScripts.NavigationPageVerificationTestCases -->
    </test> <!-- Default test -->
  </suite> <!-- Default suite -->
</testng-results>
